{
  "RSpec": {
    "coverage": {
      "/home/wondrous-kernel-4069/tic-tac-toe-rb-ruby-intro-000/lib/tic_tac_toe.rb": [
        null,
        1,
        null,
        null,
        null,
        null,
        null,
        null,
        null,
        null,
        null,
        1,
        25,
        25,
        25,
        25,
        25,
        null,
        null,
        1,
        18651,
        null,
        null,
        1,
        24,
        null,
        null,
        1,
        9340,
        null,
        null,
        1,
        18651,
        null,
        null,
        1,
        18650,
        18648,
        18648,
        18648,
        20,
        20,
        20,
        20,
        7,
        null,
        13,
        null,
        null,
        18628,
        null,
        null,
        null,
        1,
        21,
        null,
        null,
        1,
        350,
        null,
        null,
        1,
        12,
        7,
        null,
        null,
        null,
        null,
        1,
        24,
        24,
        null,
        null,
        192,
        null,
        null,
        null,
        null,
        192,
        null,
        null,
        null,
        null,
        192,
        10,
        null,
        null,
        24,
        null,
        null,
        1,
        376,
        null,
        null,
        1,
        17,
        null,
        null,
        1,
        25,
        null,
        null,
        1,
        3,
        3,
        2,
        null,
        null,
        null,
        null
      ]
    },
    "timestamp": 1615243785
  }
}
