{
  "RSpec": {
    "coverage": {
      "/home/wondrous-kernel-4069/tic-tac-toe-rb-ruby-intro-000/lib/tic_tac_toe.rb": [
        null,
        1,
        null,
        null,
        null,
        null,
        null,
        null,
        null,
        null,
        null,
        1,
        5,
        5,
        5,
        5,
        5,
        null,
        null,
        1,
        3,
        null,
        null,
        1,
        4,
        null,
        null,
        1,
        6,
        null,
        null,
        1,
        3,
        null,
        null,
        1,
        0,
        0,
        0,
        0,
        0,
        0,
        null,
        0,
        null,
        null,
        null,
        1,
        null,
        null,
        1,
        130,
        null,
        null,
        1,
        12,
        0,
        0,
        null,
        null,
        null,
        null,
        1,
        8,
        8,
        null,
        null,
        64,
        null,
        null,
        null,
        null,
        64,
        null,
        null,
        null,
        null,
        64,
        6,
        null,
        null,
        8,
        null,
        null,
        1,
        100,
        null,
        null,
        1,
        6,
        null,
        null,
        1,
        3,
        null,
        null,
        1,
        3,
        3,
        2,
        null,
        null,
        null,
        null
      ]
    },
    "timestamp": 1615241922
  }
}
